2022-10-16 11:11:50,367 DEBUG - 8.318ms,commonrequest:getBlockNumber:DONE
2022-10-16 11:11:50,411 DEBUG - 42.871ms,commonrequest:getClientVersion:DONE
2022-10-16 11:11:50,414 DEBUG - 3.532ms,commonrequest:getTotalTransactionCount:DONE
2022-10-16 11:11:50,416 DEBUG - 1.939ms,commonrequest:getBlockNumber:DONE
2022-10-16 11:26:34,787 DEBUG - 10.393ms,commonrequest:getBlockNumber:DONE
2022-10-16 11:26:35,884 DEBUG - 12.317ms,commonrequest:call:DONE
2022-10-16 11:28:26,570 DEBUG - 12.790ms,commonrequest:getBlockNumber:DONE
2022-10-16 11:28:27,940 DEBUG - 304.588ms,commonrequest:sendRawTransaction:DONE
2022-10-16 11:28:41,841 DEBUG - 9.910ms,commonrequest:getBlockNumber:DONE
2022-10-16 11:28:41,891 DEBUG - 49.187ms,commonrequest:getBlockNumber:DONE
2022-10-16 11:28:46,816 DEBUG - 12.012ms,commonrequest:getBlockNumber:DONE
2022-10-16 11:28:47,849 DEBUG - 3.730ms,commonrequest:call:DONE
2022-10-16 15:10:51,041 DEBUG - 39.466ms,commonrequest:getBlockNumber:DONE
2022-10-16 15:10:52,536 DEBUG - 53.442ms,commonrequest:sendRawTransaction:DONE
2022-10-16 15:14:15,792 DEBUG - 13.075ms,commonrequest:getBlockNumber:DONE
2022-10-16 15:14:15,839 DEBUG - 44.247ms,commonrequest:getBlockNumber:DONE
2022-10-16 15:18:00,401 DEBUG - 10.631ms,commonrequest:getBlockNumber:DONE
2022-10-16 15:18:01,520 DEBUG - 3.976ms,commonrequest:call:DONE
2022-10-16 15:21:54,309 DEBUG - 9.807ms,commonrequest:getBlockNumber:DONE
2022-10-16 15:21:55,861 DEBUG - 320.308ms,commonrequest:sendRawTransaction:DONE
2022-10-16 15:22:14,529 DEBUG - 8.650ms,commonrequest:getBlockNumber:DONE
2022-10-16 15:22:14,575 DEBUG - 44.266ms,commonrequest:getBlockNumber:DONE
2022-10-16 15:23:50,302 DEBUG - 16.058ms,commonrequest:getBlockNumber:DONE
2022-10-16 15:23:50,352 DEBUG - 49.124ms,commonrequest:getClientVersion:DONE
2022-10-16 15:24:04,965 DEBUG - 12.300ms,commonrequest:getBlockNumber:DONE
2022-10-16 15:24:05,014 DEBUG - 47.613ms,commonrequest:getBlockNumber:DONE
2022-10-16 15:24:18,725 DEBUG - 15.401ms,commonrequest:getBlockNumber:DONE
2022-10-16 15:24:22,991 DEBUG - 4264.796ms,commonrequest:getPbftView:DONE
2022-10-16 15:24:36,890 DEBUG - 10.475ms,commonrequest:getBlockNumber:DONE
2022-10-16 15:24:36,935 DEBUG - 44.904ms,commonrequest:getSealerList:DONE
2022-10-16 15:24:52,079 DEBUG - 15.667ms,commonrequest:getBlockNumber:DONE
2022-10-16 15:24:52,131 DEBUG - 50.964ms,commonrequest:getConsensusStatus:DONE
2022-10-16 15:25:33,077 DEBUG - 14.599ms,commonrequest:getBlockNumber:DONE
2022-10-16 15:25:33,124 DEBUG - 46.162ms,commonrequest:getPendingTransactions:DONE
2022-10-16 15:25:45,187 DEBUG - 16.472ms,commonrequest:getBlockNumber:DONE
2022-10-16 15:25:45,238 DEBUG - 49.846ms,commonrequest:getTotalTransactionCount:DONE
2022-10-16 15:26:12,962 DEBUG - 9.588ms,commonrequest:getBlockNumber:DONE
2022-10-16 15:26:14,569 DEBUG - 1605.286ms,commonrequest:getBlockByNumber:DONE
2022-10-16 15:28:22,702 DEBUG - 15.374ms,commonrequest:getBlockNumber:DONE
2022-10-16 15:28:22,752 DEBUG - 48.156ms,commonrequest:getTransactionByHash:DONE
2022-10-16 15:51:39,965 DEBUG - 213.642ms,commonrequest:getBlockNumber:DONE
2022-10-16 15:51:41,586 DEBUG - 86.175ms,commonrequest:sendRawTransaction:DONE
2022-10-16 15:52:29,470 DEBUG - 25.133ms,commonrequest:getBlockNumber:DONE
2022-10-16 15:52:29,516 DEBUG - 44.930ms,commonrequest:getTransactionByHash:DONE
2022-10-16 15:59:53,661 DEBUG - 8.780ms,commonrequest:getBlockNumber:DONE
2022-10-16 15:59:55,032 DEBUG - 289.780ms,commonrequest:sendRawTransaction:DONE
2022-10-16 15:59:55,542 DEBUG - 500.791ms,commonrequest:sendRawTransaction:DONE
2022-10-16 15:59:55,548 DEBUG - 5.794ms,commonrequest:call:DONE
2022-10-17 11:09:34,713 DEBUG - 119.038ms,commonrequest:getBlockNumber:DONE
2022-10-17 11:09:34,747 DEBUG - 6.265ms,commonrequest:getBlockNumber:DONE
2022-10-17 11:11:41,465 DEBUG - 11.501ms,commonrequest:getBlockNumber:DONE
2022-10-17 11:11:41,481 DEBUG - 3.955ms,commonrequest:getBlockNumber:DONE
2022-10-17 11:21:07,640 DEBUG - 9.581ms,commonrequest:getBlockNumber:DONE
2022-10-17 11:21:07,653 DEBUG - 2.793ms,commonrequest:getBlockNumber:DONE
2022-10-17 11:21:08,851 DEBUG - 42.968ms,commonrequest:call:DONE
2022-10-17 11:21:35,592 DEBUG - 11.783ms,commonrequest:getBlockNumber:DONE
2022-10-17 11:21:35,606 DEBUG - 3.495ms,commonrequest:getBlockNumber:DONE
2022-10-17 11:21:36,727 DEBUG - 3.990ms,commonrequest:call:DONE
2022-10-17 11:22:17,611 DEBUG - 9.670ms,commonrequest:getBlockNumber:DONE
2022-10-17 11:22:17,624 DEBUG - 1.908ms,commonrequest:getBlockNumber:DONE
2022-10-17 11:22:18,888 DEBUG - 3.651ms,commonrequest:call:DONE
2022-10-17 11:22:20,129 DEBUG - 4.263ms,commonrequest:call:DONE
2022-10-17 11:24:29,111 DEBUG - 12.004ms,commonrequest:getBlockNumber:DONE
2022-10-17 11:24:29,124 DEBUG - 1.946ms,commonrequest:getBlockNumber:DONE
2022-10-17 11:24:30,232 DEBUG - 2.892ms,commonrequest:call:DONE
2022-10-17 11:24:31,283 DEBUG - 3.282ms,commonrequest:call:DONE
2022-10-17 11:24:31,359 DEBUG - 70.187ms,commonrequest:sendRawTransaction:DONE
2022-10-17 11:24:31,365 DEBUG - 4.617ms,commonrequest:call:DONE
2022-10-17 14:42:29,305 DEBUG - 20.862ms,commonrequest:getBlockNumber:DONE
2022-10-17 14:42:29,324 DEBUG - 2.776ms,commonrequest:getBlockNumber:DONE
2022-10-17 14:54:13,249 DEBUG - 21.859ms,commonrequest:getBlockNumber:DONE
2022-10-17 14:54:15,388 DEBUG - 814.758ms,commonrequest:sendRawTransaction:DONE
2022-10-17 14:58:16,420 DEBUG - 16.166ms,commonrequest:getBlockNumber:DONE
2022-10-17 14:58:18,305 DEBUG - 396.055ms,commonrequest:sendRawTransaction:DONE
2022-10-17 14:58:19,065 DEBUG - 754.280ms,commonrequest:sendRawTransaction:DONE
2022-10-17 14:58:19,070 DEBUG - 3.573ms,commonrequest:call:DONE
2022-10-17 15:00:56,195 DEBUG - 15.263ms,commonrequest:getBlockNumber:DONE
2022-10-17 15:00:57,888 DEBUG - 472.996ms,commonrequest:sendRawTransaction:DONE
2022-10-17 15:00:58,410 DEBUG - 515.493ms,commonrequest:sendRawTransaction:DONE
2022-10-17 15:00:58,414 DEBUG - 3.150ms,commonrequest:call:DONE
2022-10-17 15:03:38,959 DEBUG - 12.300ms,commonrequest:getBlockNumber:DONE
2022-10-17 15:03:40,158 DEBUG - 47.125ms,commonrequest:sendRawTransaction:DONE
2022-10-17 15:03:40,677 DEBUG - 511.155ms,commonrequest:sendRawTransaction:DONE
2022-10-17 15:03:40,681 DEBUG - 2.893ms,commonrequest:call:DONE
2022-10-17 15:04:34,398 DEBUG - 13.226ms,commonrequest:getBlockNumber:DONE
2022-10-17 15:04:35,611 DEBUG - 61.997ms,commonrequest:sendRawTransaction:DONE
2022-10-17 15:04:36,130 DEBUG - 510.054ms,commonrequest:sendRawTransaction:DONE
2022-10-17 15:04:36,141 DEBUG - 10.303ms,commonrequest:call:DONE
2022-10-17 15:09:47,300 DEBUG - 14.850ms,commonrequest:getBlockNumber:DONE
2022-10-17 15:09:48,664 DEBUG - 251.374ms,commonrequest:sendRawTransaction:DONE
2022-10-17 15:09:49,187 DEBUG - 514.814ms,commonrequest:sendRawTransaction:DONE
2022-10-17 15:09:49,191 DEBUG - 3.044ms,commonrequest:call:DONE
2022-10-18 10:29:36,478 DEBUG - 122.223ms,commonrequest:getBlockNumber:DONE
2022-10-18 10:29:38,446 DEBUG - 380.054ms,commonrequest:sendRawTransaction:DONE
2022-10-18 10:29:38,971 DEBUG - 486.808ms,commonrequest:sendRawTransaction:DONE
2022-10-18 10:29:38,974 DEBUG - 2.361ms,commonrequest:call:DONE
2022-10-18 10:37:48,885 DEBUG - 11.196ms,commonrequest:getBlockNumber:DONE
2022-10-18 10:37:49,916 DEBUG - 2.399ms,commonrequest:call:DONE
2022-10-18 15:21:07,677 DEBUG - 11.948ms,commonrequest:getBlockNumber:DONE
2022-10-18 15:21:08,886 DEBUG - 188.398ms,commonrequest:sendRawTransaction:DONE
2022-10-18 15:21:54,155 DEBUG - 10.884ms,commonrequest:getBlockNumber:DONE
2022-10-18 15:21:55,187 DEBUG - 44.976ms,commonrequest:sendRawTransaction:DONE
2022-10-18 15:22:15,041 DEBUG - 10.638ms,commonrequest:getBlockNumber:DONE
2022-10-18 15:22:16,110 DEBUG - 44.878ms,commonrequest:sendRawTransaction:DONE
2022-10-18 15:27:07,490 DEBUG - 11.543ms,commonrequest:getBlockNumber:DONE
2022-10-18 15:27:08,685 DEBUG - 2.212ms,commonrequest:call:DONE
2022-10-18 15:27:08,688 DEBUG - 2.134ms,commonrequest:call:DONE
2022-10-18 15:27:19,999 DEBUG - 11.232ms,commonrequest:getBlockNumber:DONE
2022-10-18 15:27:21,028 DEBUG - 3.201ms,commonrequest:call:DONE
2022-10-18 15:27:21,032 DEBUG - 2.427ms,commonrequest:call:DONE
2022-10-18 16:43:32,354 DEBUG - 10.323ms,commonrequest:getBlockNumber:DONE
2022-10-18 16:43:33,429 DEBUG - 44.599ms,commonrequest:sendRawTransaction:DONE
2022-10-18 16:44:17,979 DEBUG - 11.203ms,commonrequest:getBlockNumber:DONE
2022-10-18 16:44:19,344 DEBUG - 296.932ms,commonrequest:sendRawTransaction:DONE
2022-10-18 16:45:47,377 DEBUG - 10.470ms,commonrequest:getBlockNumber:DONE
2022-10-18 16:45:48,712 DEBUG - 330.515ms,commonrequest:sendRawTransaction:DONE
2022-10-18 16:46:57,880 DEBUG - 10.179ms,commonrequest:getBlockNumber:DONE
2022-10-18 16:46:58,929 DEBUG - 4.261ms,commonrequest:call:DONE
2022-10-18 16:48:36,238 DEBUG - 10.131ms,commonrequest:getBlockNumber:DONE
2022-10-18 16:48:37,311 DEBUG - 2.959ms,commonrequest:call:DONE
2022-10-18 16:49:14,746 DEBUG - 11.044ms,commonrequest:getBlockNumber:DONE
2022-10-18 16:49:15,792 DEBUG - 5.437ms,commonrequest:call:DONE
2022-10-18 16:49:40,092 DEBUG - 8.656ms,commonrequest:getBlockNumber:DONE
2022-10-18 16:49:41,172 DEBUG - 2.637ms,commonrequest:call:DONE
2022-10-18 16:50:04,784 DEBUG - 10.868ms,commonrequest:getBlockNumber:DONE
2022-10-18 16:50:05,828 DEBUG - 2.627ms,commonrequest:call:DONE
2022-10-18 16:51:17,864 DEBUG - 10.627ms,commonrequest:getBlockNumber:DONE
2022-10-18 16:51:18,884 DEBUG - 2.350ms,commonrequest:call:DONE
